

Microchip MPLAB XC8 Assembler V2.31 build 20201012212115 
                                                                                               Mon May 30 20:03:34 2022

Microchip MPLAB XC8 C Compiler v2.31 (Free license) build 20201012212115 Og1 
     1                           	processor	18F4550
     2                           	fnconf	rparam,??,?,0
     3                           	pagewidth 120
     4                           	opt	flic
     5                           	psect	idataCOMRAM,global,class=CODE,delta=1,noexec
     6                           	psect	cinit,global,reloc=2,class=CODE,delta=1
     7                           	psect	dataCOMRAM,global,class=COMRAM,space=1,delta=1,lowdata,noexec
     8                           	psect	cstackCOMRAM,global,class=COMRAM,space=1,delta=1,lowdata,noexec
     9                           	psect	text0,global,reloc=2,class=CODE,delta=1
    10                           	psect	intcode,global,reloc=2,class=CODE,delta=1
    11                           	psect	intcode_body,global,reloc=2,class=CODE,delta=1
    12                           	psect	text2,global,reloc=2,class=CODE,delta=1
    13                           	psect	intsave_regs,global,class=BIGRAM,space=1,delta=1,noexec
    14                           	psect	rparam,global,class=COMRAM,space=1,delta=1,noexec
    15                           	psect	temp,global,ovrld,common,class=COMRAM,space=1,delta=1
    16                           	psect	idloc,global,abs,ovrld,class=IDLOC,space=5,delta=1,noexec
    17                           	psect	config,global,abs,ovrld,class=CONFIG,space=4,delta=1,noexec
    18  0000                     
    19                           ; Version 2.20
    20                           ; Generated 12/02/2020 GMT
    21                           ; 
    22                           ; Copyright © 2020, Microchip Technology Inc. and its subsidiaries ("Microchip")
    23                           ; All rights reserved.
    24                           ; 
    25                           ; This software is developed by Microchip Technology Inc. and its subsidiaries ("Microch
      +                          ip").
    26                           ; 
    27                           ; Redistribution and use in source and binary forms, with or without modification, are
    28                           ; permitted provided that the following conditions are met:
    29                           ; 
    30                           ;     1. Redistributions of source code must retain the above copyright notice, this lis
      +                          t of
    31                           ;        conditions and the following disclaimer.
    32                           ; 
    33                           ;     2. Redistributions in binary form must reproduce the above copyright notice, this 
      +                          list
    34                           ;        of conditions and the following disclaimer in the documentation and/or other
    35                           ;        materials provided with the distribution.
    36                           ; 
    37                           ;     3. Microchip's name may not be used to endorse or promote products derived from th
      +                          is
    38                           ;        software without specific prior written permission.
    39                           ; 
    40                           ; THIS SOFTWARE IS PROVIDED BY MICROCHIP "AS IS" AND ANY EXPRESS OR IMPLIED WARRANTIES,
    41                           ; INCLUDING, BUT NOT LIMITED TO, THE IMPLIED WARRANTIES OF MERCHANTABILITY AND FITNESS F
      +                          OR
    42                           ; PURPOSE ARE DISCLAIMED.  IN NO EVENT SHALL MICROCHIP BE LIABLE FOR ANY DIRECT, INDIREC
      +                          T,
    43                           ; INCIDENTAL, SPECIAL, EXEMPLARY, OR CONSEQUENTIAL DAMAGES (INCLUDING BUT NOT LIMITED TO
    44                           ; PROCUREMENT OF SUBSTITUTE GOODS OR SERVICES; LOSS OF USE, DATA OR PROFITS; OR BUSINESS
    45                           ; INTERRUPTION) HOWSOEVER CAUSED AND ON ANY THEORY OF LIABILITY, WHETHER IN CONTRACT, ST
      +                          RICT
    46                           ; LIABILITY, OR TORT (INCLUDING NEGLIGENCE OR OTHERWISE) ARISING IN ANY WAY OUT OF THE U
      +                          SE OF
    47                           ; THIS SOFTWARE, EVEN IF ADVISED OF THE POSSIBILITY OF SUCH DAMAGE.
    48                           ; 
    49                           ; 
    50                           ; Code-generator required, PIC18F4550 Definitions
    51                           ; 
    52                           ; SFR Addresses
    53  0000                     
    54                           	psect	idataCOMRAM
    55  00015E                     __pidataCOMRAM:
    56                           	callstack 0
    57                           
    58                           ;initializer for _display7a
    59  00015E  C0                 	db	192
    60  00015F  F9                 	db	249
    61  000160  A4                 	db	164
    62  000161  B0                 	db	176
    63  000162  99                 	db	153
    64  000163  92                 	db	146
    65  000164  82                 	db	130
    66  000165  F8                 	db	248
    67  000166  80                 	db	128
    68  000167  90                 	db	144
    69  0000                     _PORTB	set	3969
    70  0000                     _LATD	set	3980
    71  0000                     _TRISB	set	3987
    72  0000                     _TRISD	set	3989
    73  0000                     _OSCCON	set	4051
    74  0000                     _ADCON1	set	4033
    75  0000                     _RBIF	set	32656
    76  0000                     _RBIE	set	32659
    77  0000                     _GIE	set	32663
    78  0000                     _RBPU	set	32655
    79                           
    80                           ; #config settings
    81                           
    82                           	psect	cinit
    83  000118                     __pcinit:
    84                           	callstack 0
    85  000118                     start_initialization:
    86                           	callstack 0
    87  000118                     __initialization:
    88                           	callstack 0
    89                           
    90                           ; Initialize objects allocated to COMRAM (10 bytes)
    91                           ; load TBLPTR registers with __pidataCOMRAM
    92  000118  0E5E               	movlw	low __pidataCOMRAM
    93  00011A  6EF6               	movwf	tblptrl,c
    94  00011C  0E01               	movlw	high __pidataCOMRAM
    95  00011E  6EF7               	movwf	tblptrh,c
    96  000120  0E00               	movlw	low (__pidataCOMRAM shr (0+16))
    97  000122  6EF8               	movwf	tblptru,c
    98  000124  EE00  F001         	lfsr	0,__pdataCOMRAM
    99  000128  EE10 F00A          	lfsr	1,10
   100  00012C                     copy_data0:
   101  00012C  0009               	tblrd		*+
   102  00012E  CFF5 FFEE          	movff	tablat,postinc0
   103  000132  50E5               	movf	postdec1,w,c
   104  000134  50E1               	movf	fsr1l,w,c
   105  000136  E1FA               	bnz	copy_data0
   106  000138                     end_of_initialization:
   107                           	callstack 0
   108  000138                     __end_of__initialization:
   109                           	callstack 0
   110  000138  9012               	bcf	int$flags,0,c	;clear compiler interrupt flag (level 1)
   111  00013A  9212               	bcf	int$flags,1,c	;clear compiler interrupt flag (level 2)
   112  00013C  0E00               	movlw	low (__Lmediumconst shr (0+16))
   113  00013E  6EF8               	movwf	tblptru,c
   114  000140  0100               	movlb	0
   115  000142  EF5E  F000         	goto	_main	;jump to C main() function
   116                           
   117                           	psect	dataCOMRAM
   118  000001                     __pdataCOMRAM:
   119                           	callstack 0
   120  000001                     _display7a:
   121                           	callstack 0
   122  000001                     	ds	10
   123                           
   124                           	psect	cstackCOMRAM
   125  00000B                     __pcstackCOMRAM:
   126                           	callstack 0
   127  00000B                     ??_pinChange_ISR:
   128  00000B                     
   129                           ; 2 bytes @ 0x0
   130  00000B                     	ds	3
   131  00000E                     pinChange_ISR@KBIx:
   132                           	callstack 0
   133                           
   134                           ; 1 bytes @ 0x3
   135  00000E                     	ds	1
   136  00000F                     ??_main:
   137  00000F                     
   138                           ; 1 bytes @ 0x4
   139  00000F                     	ds	2
   140  000011                     main@i:
   141                           	callstack 0
   142                           
   143                           ; 1 bytes @ 0x6
   144  000011                     	ds	1
   145                           
   146 ;;
   147 ;;Main: autosize = 0, tempsize = 2, incstack = 0, save=0
   148 ;;
   149 ;; *************** function _main *****************
   150 ;; Defined at:
   151 ;;		line 14 in file "main.c"
   152 ;; Parameters:    Size  Location     Type
   153 ;;		None
   154 ;; Auto vars:     Size  Location     Type
   155 ;;  i               1    6[COMRAM] unsigned char 
   156 ;; Return value:  Size  Location     Type
   157 ;;                  2   30[None  ] int 
   158 ;; Registers used:
   159 ;;		wreg, fsr2l, fsr2h, status,2, status,0
   160 ;; Tracked objects:
   161 ;;		On entry : 0/0
   162 ;;		On exit  : 0/0
   163 ;;		Unchanged: 0/0
   164 ;; Data sizes:     COMRAM   BANK0   BANK1   BANK2   BANK3   BANK4   BANK5   BANK6   BANK7
   165 ;;      Params:         0       0       0       0       0       0       0       0       0
   166 ;;      Locals:         1       0       0       0       0       0       0       0       0
   167 ;;      Temps:          2       0       0       0       0       0       0       0       0
   168 ;;      Totals:         3       0       0       0       0       0       0       0       0
   169 ;;Total ram usage:        3 bytes
   170 ;; Hardware stack levels required when called:    2
   171 ;; This function calls:
   172 ;;		Nothing
   173 ;; This function is called by:
   174 ;;		Startup code after reset
   175 ;; This function uses a non-reentrant model
   176 ;;
   177                           
   178                           	psect	text0
   179  0000BC                     __ptext0:
   180                           	callstack 0
   181  0000BC                     _main:
   182                           	callstack 29
   183  0000BC                     
   184                           ;main.c: 16:     ADCON1=0x0F;
   185  0000BC  0E0F               	movlw	15
   186  0000BE  6EC1               	movwf	193,c	;volatile
   187                           
   188                           ;main.c: 17:     OSCCON=0x72;
   189  0000C0  0E72               	movlw	114
   190  0000C2  6ED3               	movwf	211,c	;volatile
   191                           
   192                           ;main.c: 19:     TRISD=0;
   193  0000C4  0E00               	movlw	0
   194  0000C6  6E95               	movwf	149,c	;volatile
   195  0000C8                     
   196                           ;main.c: 20:     TRISB |=((1<<4)|(1<<5)|(1<<6)|(1<<7));
   197  0000C8  0EF0               	movlw	240
   198  0000CA  1293               	iorwf	147,f,c	;volatile
   199  0000CC                     
   200                           ;main.c: 21:     RBPU=0;
   201  0000CC  9EF1               	bcf	4081,7,c	;volatile
   202  0000CE                     
   203                           ;main.c: 24:     GIE=1;
   204  0000CE  8EF2               	bsf	4082,7,c	;volatile
   205  0000D0                     
   206                           ;main.c: 25:     RBIE=1;
   207  0000D0  86F2               	bsf	4082,3,c	;volatile
   208  0000D2                     
   209                           ;main.c: 26:     RBIF=0;
   210  0000D2  90F2               	bcf	4082,0,c	;volatile
   211  0000D4                     l757:
   212                           
   213                           ;main.c: 42:         for(i=0;i<10;i++){
   214  0000D4  0E00               	movlw	0
   215  0000D6  6E11               	movwf	main@i^0,c
   216  0000D8                     l761:
   217                           
   218                           ;main.c: 44:             LATD=display7a[i];
   219  0000D8  0E01               	movlw	low _display7a
   220  0000DA  2411               	addwf	main@i^0,w,c
   221  0000DC  6ED9               	movwf	fsr2l,c
   222  0000DE  6ADA               	clrf	fsr2h,c
   223  0000E0  0E00               	movlw	high _display7a
   224  0000E2  22DA               	addwfc	fsr2h,f,c
   225  0000E4  50DF               	movf	indf2,w,c
   226  0000E6  6E8C               	movwf	140,c	;volatile
   227  0000E8                     
   228                           ;main.c: 45:             _delay((unsigned long)((1000)*(8000000/4000.0)));
   229  0000E8  0E0B               	movlw	11
   230  0000EA  6E10               	movwf	(??_main+1)^0,c
   231  0000EC  0E26               	movlw	38
   232  0000EE  6E0F               	movwf	??_main^0,c
   233  0000F0  0E5E               	movlw	94
   234  0000F2                     u57:
   235  0000F2  2EE8               	decfsz	wreg,f,c
   236  0000F4  D7FE               	bra	u57
   237  0000F6  2E0F               	decfsz	??_main^0,f,c
   238  0000F8  D7FC               	bra	u57
   239  0000FA  2E10               	decfsz	(??_main+1)^0,f,c
   240  0000FC  D7FA               	bra	u57
   241  0000FE                     
   242                           ;main.c: 46:         }
   243  0000FE  2A11               	incf	main@i^0,f,c
   244  000100  0E09               	movlw	9
   245  000102  6411               	cpfsgt	main@i^0,c
   246  000104  EF86  F000         	goto	u31
   247  000108  EF88  F000         	goto	u30
   248  00010C                     u31:
   249  00010C  EF6C  F000         	goto	l761
   250  000110                     u30:
   251  000110  EF6A  F000         	goto	l757
   252  000114  EF07  F000         	goto	start
   253  000118                     __end_of_main:
   254                           	callstack 0
   255                           
   256 ;; *************** function _ISR *****************
   257 ;; Defined at:
   258 ;;		line 52 in file "main.c"
   259 ;; Parameters:    Size  Location     Type
   260 ;;		None
   261 ;; Auto vars:     Size  Location     Type
   262 ;;		None
   263 ;; Return value:  Size  Location     Type
   264 ;;                  1    wreg      void 
   265 ;; Registers used:
   266 ;;		wreg, status,2, status,0, cstack
   267 ;; Tracked objects:
   268 ;;		On entry : 0/0
   269 ;;		On exit  : 0/0
   270 ;;		Unchanged: 0/0
   271 ;; Data sizes:     COMRAM   BANK0   BANK1   BANK2   BANK3   BANK4   BANK5   BANK6   BANK7
   272 ;;      Params:         0       0       0       0       0       0       0       0       0
   273 ;;      Locals:         0       0       0       0       0       0       0       0       0
   274 ;;      Temps:          0       0       0       0       0       0       0       0       0
   275 ;;      Totals:         0       0       0       0       0       0       0       0       0
   276 ;;Total ram usage:        0 bytes
   277 ;; Hardware stack levels used:    1
   278 ;; Hardware stack levels required when called:    1
   279 ;; This function calls:
   280 ;;		_pinChange_ISR
   281 ;; This function is called by:
   282 ;;		Interrupt level 2
   283 ;; This function uses a non-reentrant model
   284 ;;
   285                           
   286                           	psect	intcode
   287  000008                     __pintcode:
   288                           	callstack 0
   289  000008                     _ISR:
   290                           	callstack 29
   291                           
   292                           ;incstack = 0
   293  000008  8212               	bsf	int$flags,1,c	;set compiler interrupt flag (level 2)
   294  00000A  EDA3  F000         	call	int_func,f	;refresh shadow registers
   295                           
   296                           	psect	intcode_body
   297  000146                     __pintcode_body:
   298                           	callstack 29
   299  000146                     int_func:
   300                           	callstack 29
   301  000146  0006               	pop		; remove dummy address from shadow register refresh
   302  000148                     
   303                           ;main.c: 53:     if(RBIF){
   304  000148  A0F2               	btfss	4082,0,c	;volatile
   305  00014A  EFA9  F000         	goto	i2u4_41
   306  00014E  EFAB  F000         	goto	i2u4_40
   307  000152                     i2u4_41:
   308  000152  EFAD  F000         	goto	i2l42
   309  000156                     i2u4_40:
   310  000156                     
   311                           ;main.c: 54:         pinChange_ISR();
   312  000156  EC09  F000         	call	_pinChange_ISR	;wreg free
   313  00015A                     i2l42:
   314  00015A  9212               	bcf	int$flags,1,c	;clear compiler interrupt flag (level 2)
   315  00015C  0011               	retfie		f
   316  00015E                     __end_of_ISR:
   317                           	callstack 0
   318                           
   319 ;; *************** function _pinChange_ISR *****************
   320 ;; Defined at:
   321 ;;		line 58 in file "main.c"
   322 ;; Parameters:    Size  Location     Type
   323 ;;		None
   324 ;; Auto vars:     Size  Location     Type
   325 ;;  KBIx            1    3[COMRAM] unsigned char 
   326 ;; Return value:  Size  Location     Type
   327 ;;                  1    wreg      void 
   328 ;; Registers used:
   329 ;;		wreg, status,2, status,0
   330 ;; Tracked objects:
   331 ;;		On entry : 0/0
   332 ;;		On exit  : 0/0
   333 ;;		Unchanged: 0/0
   334 ;; Data sizes:     COMRAM   BANK0   BANK1   BANK2   BANK3   BANK4   BANK5   BANK6   BANK7
   335 ;;      Params:         0       0       0       0       0       0       0       0       0
   336 ;;      Locals:         1       0       0       0       0       0       0       0       0
   337 ;;      Temps:          3       0       0       0       0       0       0       0       0
   338 ;;      Totals:         4       0       0       0       0       0       0       0       0
   339 ;;Total ram usage:        4 bytes
   340 ;; Hardware stack levels used:    1
   341 ;; This function calls:
   342 ;;		Nothing
   343 ;; This function is called by:
   344 ;;		_ISR
   345 ;; This function uses a non-reentrant model
   346 ;;
   347                           
   348                           	psect	text2
   349  000012                     __ptext2:
   350                           	callstack 0
   351  000012                     _pinChange_ISR:
   352                           	callstack 29
   353  000012                     
   354                           ;main.c: 60:     uint8_t KBIx;;main.c: 61:     KBIx=(PORTB^0xF0)>>4;
   355  000012  5081               	movf	129,w,c	;volatile
   356  000014  6E0B               	movwf	??_pinChange_ISR^0,c
   357  000016  6A0C               	clrf	(??_pinChange_ISR+1)^0,c
   358  000018  0EF0               	movlw	240
   359  00001A  1A0B               	xorwf	??_pinChange_ISR^0,f,c
   360  00001C  0E00               	movlw	0
   361  00001E  1A0C               	xorwf	(??_pinChange_ISR+1)^0,f,c
   362  000020  0E04               	movlw	4
   363  000022  6E0D               	movwf	(??_pinChange_ISR+2)^0,c
   364  000024                     i2u1_45:
   365  000024  340C               	rlcf	(??_pinChange_ISR+1)^0,w,c
   366  000026  320C               	rrcf	(??_pinChange_ISR+1)^0,f,c
   367  000028  320B               	rrcf	??_pinChange_ISR^0,f,c
   368  00002A  2E0D               	decfsz	(??_pinChange_ISR+2)^0,f,c
   369  00002C  EF12  F000         	goto	i2u1_45
   370  000030  500B               	movf	??_pinChange_ISR^0,w,c
   371  000032  6E0E               	movwf	pinChange_ISR@KBIx^0,c
   372                           
   373                           ;main.c: 63:     switch(KBIx){
   374  000034  EF2C  F000         	goto	i2l733
   375  000038                     i2l46:
   376                           
   377                           ;main.c: 66:             LATD=display7a[0];
   378  000038  C001  FF8C         	movff	_display7a,3980	;volatile
   379                           
   380                           ;main.c: 67:             break;
   381  00003C  EF49  F000         	goto	i2l735
   382  000040                     i2l48:
   383                           
   384                           ;main.c: 69:             LATD=display7a[1];
   385  000040  C002  FF8C         	movff	_display7a+1,3980	;volatile
   386                           
   387                           ;main.c: 70:             break;
   388  000044  EF49  F000         	goto	i2l735
   389  000048                     i2l49:
   390                           
   391                           ;main.c: 72:             LATD=display7a[2];
   392  000048  C003  FF8C         	movff	_display7a+2,3980	;volatile
   393                           
   394                           ;main.c: 73:             break;
   395  00004C  EF49  F000         	goto	i2l735
   396  000050                     i2l50:
   397                           
   398                           ;main.c: 75:             LATD=display7a[3];
   399  000050  C004  FF8C         	movff	_display7a+3,3980	;volatile
   400                           
   401                           ;main.c: 76:             break;
   402  000054  EF49  F000         	goto	i2l735
   403  000058                     i2l733:
   404  000058  500E               	movf	pinChange_ISR@KBIx^0,w,c
   405  00005A  6E0B               	movwf	??_pinChange_ISR^0,c
   406  00005C  6A0C               	clrf	(??_pinChange_ISR+1)^0,c
   407                           
   408                           ; Switch on 2 bytes has been partitioned into a top level switch of size 1, and 1 sub-sw
      +                          itches
   409                           ; Switch size 1, requested type "simple"
   410                           ; Number of cases is 1, Range of values is 0 to 0
   411                           ; switch strategies available:
   412                           ; Name         Instructions Cycles
   413                           ; simple_byte            4     3 (average)
   414                           ;	Chosen strategy is simple_byte
   415  00005E  500C               	movf	(??_pinChange_ISR+1)^0,w,c
   416  000060  0A00               	xorlw	0	; case 0
   417  000062  B4D8               	btfsc	status,2,c
   418  000064  EF36  F000         	goto	i2l777
   419  000068  EF49  F000         	goto	i2l735
   420  00006C                     i2l777:
   421                           
   422                           ; Switch size 1, requested type "simple"
   423                           ; Number of cases is 4, Range of values is 1 to 8
   424                           ; switch strategies available:
   425                           ; Name         Instructions Cycles
   426                           ; simple_byte           13     7 (average)
   427                           ;	Chosen strategy is simple_byte
   428  00006C  500B               	movf	??_pinChange_ISR^0,w,c
   429  00006E  0A01               	xorlw	1	; case 1
   430  000070  B4D8               	btfsc	status,2,c
   431  000072  EF1C  F000         	goto	i2l46
   432  000076  0A03               	xorlw	3	; case 2
   433  000078  B4D8               	btfsc	status,2,c
   434  00007A  EF20  F000         	goto	i2l48
   435  00007E  0A06               	xorlw	6	; case 4
   436  000080  B4D8               	btfsc	status,2,c
   437  000082  EF24  F000         	goto	i2l49
   438  000086  0A0C               	xorlw	12	; case 8
   439  000088  B4D8               	btfsc	status,2,c
   440  00008A  EF28  F000         	goto	i2l50
   441  00008E  EF49  F000         	goto	i2l735
   442  000092                     i2l735:
   443                           
   444                           ;main.c: 82:     if(KBIx>0)
   445  000092  500E               	movf	pinChange_ISR@KBIx^0,w,c
   446  000094  B4D8               	btfsc	status,2,c
   447  000096  EF4F  F000         	goto	i2u2_41
   448  00009A  EF51  F000         	goto	i2u2_40
   449  00009E                     i2u2_41:
   450  00009E  EF5C  F000         	goto	i2l739
   451  0000A2                     i2u2_40:
   452  0000A2                     
   453                           ;main.c: 83:         _delay((unsigned long)((1000)*(8000000/4000.0)));
   454  0000A2  0E0B               	movlw	11
   455  0000A4  6E0C               	movwf	(??_pinChange_ISR+1)^0,c
   456  0000A6  0E26               	movlw	38
   457  0000A8  6E0B               	movwf	??_pinChange_ISR^0,c
   458  0000AA  0E5E               	movlw	94
   459  0000AC                     i2u6_47:
   460  0000AC  2EE8               	decfsz	wreg,f,c
   461  0000AE  D7FE               	bra	i2u6_47
   462  0000B0  2E0B               	decfsz	??_pinChange_ISR^0,f,c
   463  0000B2  D7FC               	bra	i2u6_47
   464  0000B4  2E0C               	decfsz	(??_pinChange_ISR+1)^0,f,c
   465  0000B6  D7FA               	bra	i2u6_47
   466  0000B8                     i2l739:
   467                           
   468                           ;main.c: 84:     RBIF=0;
   469  0000B8  90F2               	bcf	4082,0,c	;volatile
   470  0000BA  0012               	return		;funcret
   471  0000BC                     __end_of_pinChange_ISR:
   472                           	callstack 0
   473  0000                     
   474                           	psect	rparam
   475  0000                     
   476                           	psect	temp
   477  000012                     btemp:
   478                           	callstack 0
   479  000012                     	ds	1
   480  0000                     int$flags	set	btemp
   481  0000                     wtemp8	set	btemp+1
   482  0000                     ttemp5	set	btemp+1
   483  0000                     ttemp6	set	btemp+4
   484  0000                     ttemp7	set	btemp+8
   485                           
   486                           	psect	idloc
   487                           
   488                           ;Config register IDLOC0 @ 0x200000
   489                           ;	unspecified, using default values
   490  200000                     	org	2097152
   491  200000  FF                 	db	255
   492                           
   493                           ;Config register IDLOC1 @ 0x200001
   494                           ;	unspecified, using default values
   495  200001                     	org	2097153
   496  200001  FF                 	db	255
   497                           
   498                           ;Config register IDLOC2 @ 0x200002
   499                           ;	unspecified, using default values
   500  200002                     	org	2097154
   501  200002  FF                 	db	255
   502                           
   503                           ;Config register IDLOC3 @ 0x200003
   504                           ;	unspecified, using default values
   505  200003                     	org	2097155
   506  200003  FF                 	db	255
   507                           
   508                           ;Config register IDLOC4 @ 0x200004
   509                           ;	unspecified, using default values
   510  200004                     	org	2097156
   511  200004  FF                 	db	255
   512                           
   513                           ;Config register IDLOC5 @ 0x200005
   514                           ;	unspecified, using default values
   515  200005                     	org	2097157
   516  200005  FF                 	db	255
   517                           
   518                           ;Config register IDLOC6 @ 0x200006
   519                           ;	unspecified, using default values
   520  200006                     	org	2097158
   521  200006  FF                 	db	255
   522                           
   523                           ;Config register IDLOC7 @ 0x200007
   524                           ;	unspecified, using default values
   525  200007                     	org	2097159
   526  200007  FF                 	db	255
   527                           
   528                           	psect	config
   529                           
   530                           ;Config register CONFIG1L @ 0x300000
   531                           ;	PLL Prescaler Selection bits
   532                           ;	PLLDIV = 1, No prescale (4 MHz oscillator input drives PLL directly)
   533                           ;	System Clock Postscaler Selection bits
   534                           ;	CPUDIV = OSC1_PLL2, [Primary Oscillator Src: /1][96 MHz PLL Src: /2]
   535                           ;	USB Clock Selection bit (used in Full-Speed USB mode only; UCFG:FSEN = 1)
   536                           ;	USBDIV = 1, USB clock source comes directly from the primary oscillator block with no 
      +                          postscale
   537  300000                     	org	3145728
   538  300000  00                 	db	0
   539                           
   540                           ;Config register CONFIG1H @ 0x300001
   541                           ;	Oscillator Selection bits
   542                           ;	FOSC = INTOSC_EC, Internal oscillator, CLKO function on RA6, EC used by USB (INTCKO)
   543                           ;	Fail-Safe Clock Monitor Enable bit
   544                           ;	FCMEN = OFF, Fail-Safe Clock Monitor disabled
   545                           ;	Internal/External Oscillator Switchover bit
   546                           ;	IESO = OFF, Oscillator Switchover mode disabled
   547  300001                     	org	3145729
   548  300001  09                 	db	9
   549                           
   550                           ;Config register CONFIG2L @ 0x300002
   551                           ;	Power-up Timer Enable bit
   552                           ;	PWRT = OFF, PWRT disabled
   553                           ;	Brown-out Reset Enable bits
   554                           ;	BOR = ON, Brown-out Reset enabled in hardware only (SBOREN is disabled)
   555                           ;	Brown-out Reset Voltage bits
   556                           ;	BORV = 3, Minimum setting 2.05V
   557                           ;	USB Voltage Regulator Enable bit
   558                           ;	VREGEN = OFF, USB voltage regulator disabled
   559  300002                     	org	3145730
   560  300002  1F                 	db	31
   561                           
   562                           ;Config register CONFIG2H @ 0x300003
   563                           ;	Watchdog Timer Enable bit
   564                           ;	WDT = OFF, WDT disabled (control is placed on the SWDTEN bit)
   565                           ;	Watchdog Timer Postscale Select bits
   566                           ;	WDTPS = 32768, 1:32768
   567  300003                     	org	3145731
   568  300003  1E                 	db	30
   569                           
   570                           ; Padding undefined space
   571  300004                     	org	3145732
   572  300004  FF                 	db	255
   573                           
   574                           ;Config register CONFIG3H @ 0x300005
   575                           ;	CCP2 MUX bit
   576                           ;	CCP2MX = ON, CCP2 input/output is multiplexed with RC1
   577                           ;	PORTB A/D Enable bit
   578                           ;	PBADEN = OFF, PORTB<4:0> pins are configured as digital I/O on Reset
   579                           ;	Low-Power Timer 1 Oscillator Enable bit
   580                           ;	LPT1OSC = OFF, Timer1 configured for higher power operation
   581                           ;	MCLR Pin Enable bit
   582                           ;	MCLRE = OFF, RE3 input pin enabled; MCLR pin disabled
   583  300005                     	org	3145733
   584  300005  01                 	db	1
   585                           
   586                           ;Config register CONFIG4L @ 0x300006
   587                           ;	Stack Full/Underflow Reset Enable bit
   588                           ;	STVREN = ON, Stack full/underflow will cause Reset
   589                           ;	Single-Supply ICSP Enable bit
   590                           ;	LVP = OFF, Single-Supply ICSP disabled
   591                           ;	Dedicated In-Circuit Debug/Programming Port (ICPORT) Enable bit
   592                           ;	ICPRT = OFF, ICPORT disabled
   593                           ;	Extended Instruction Set Enable bit
   594                           ;	XINST = OFF, Instruction set extension and Indexed Addressing mode disabled (Legacy mo
      +                          de)
   595                           ;	Background Debugger Enable bit
   596                           ;	DEBUG = 0x1, unprogrammed default
   597  300006                     	org	3145734
   598  300006  81                 	db	129
   599                           
   600                           ; Padding undefined space
   601  300007                     	org	3145735
   602  300007  FF                 	db	255
   603                           
   604                           ;Config register CONFIG5L @ 0x300008
   605                           ;	Code Protection bit
   606                           ;	CP0 = OFF, Block 0 (000800-001FFFh) is not code-protected
   607                           ;	Code Protection bit
   608                           ;	CP1 = OFF, Block 1 (002000-003FFFh) is not code-protected
   609                           ;	Code Protection bit
   610                           ;	CP2 = OFF, Block 2 (004000-005FFFh) is not code-protected
   611                           ;	Code Protection bit
   612                           ;	CP3 = OFF, Block 3 (006000-007FFFh) is not code-protected
   613  300008                     	org	3145736
   614  300008  0F                 	db	15
   615                           
   616                           ;Config register CONFIG5H @ 0x300009
   617                           ;	Boot Block Code Protection bit
   618                           ;	CPB = OFF, Boot block (000000-0007FFh) is not code-protected
   619                           ;	Data EEPROM Code Protection bit
   620                           ;	CPD = OFF, Data EEPROM is not code-protected
   621  300009                     	org	3145737
   622  300009  C0                 	db	192
   623                           
   624                           ;Config register CONFIG6L @ 0x30000A
   625                           ;	Write Protection bit
   626                           ;	WRT0 = OFF, Block 0 (000800-001FFFh) is not write-protected
   627                           ;	Write Protection bit
   628                           ;	WRT1 = OFF, Block 1 (002000-003FFFh) is not write-protected
   629                           ;	Write Protection bit
   630                           ;	WRT2 = OFF, Block 2 (004000-005FFFh) is not write-protected
   631                           ;	Write Protection bit
   632                           ;	WRT3 = OFF, Block 3 (006000-007FFFh) is not write-protected
   633  30000A                     	org	3145738
   634  30000A  0F                 	db	15
   635                           
   636                           ;Config register CONFIG6H @ 0x30000B
   637                           ;	Configuration Register Write Protection bit
   638                           ;	WRTC = OFF, Configuration registers (300000-3000FFh) are not write-protected
   639                           ;	Boot Block Write Protection bit
   640                           ;	WRTB = OFF, Boot block (000000-0007FFh) is not write-protected
   641                           ;	Data EEPROM Write Protection bit
   642                           ;	WRTD = OFF, Data EEPROM is not write-protected
   643  30000B                     	org	3145739
   644  30000B  E0                 	db	224
   645                           
   646                           ;Config register CONFIG7L @ 0x30000C
   647                           ;	Table Read Protection bit
   648                           ;	EBTR0 = OFF, Block 0 (000800-001FFFh) is not protected from table reads executed in ot
      +                          her blocks
   649                           ;	Table Read Protection bit
   650                           ;	EBTR1 = OFF, Block 1 (002000-003FFFh) is not protected from table reads executed in ot
      +                          her blocks
   651                           ;	Table Read Protection bit
   652                           ;	EBTR2 = OFF, Block 2 (004000-005FFFh) is not protected from table reads executed in ot
      +                          her blocks
   653                           ;	Table Read Protection bit
   654                           ;	EBTR3 = OFF, Block 3 (006000-007FFFh) is not protected from table reads executed in ot
      +                          her blocks
   655  30000C                     	org	3145740
   656  30000C  0F                 	db	15
   657                           
   658                           ;Config register CONFIG7H @ 0x30000D
   659                           ;	Boot Block Table Read Protection bit
   660                           ;	EBTRB = OFF, Boot block (000000-0007FFh) is not protected from table reads executed in
      +                           other blocks
   661  30000D                     	org	3145741
   662  30000D  40                 	db	64
   663                           tosu	equ	0xFFF
   664                           tosh	equ	0xFFE
   665                           tosl	equ	0xFFD
   666                           stkptr	equ	0xFFC
   667                           pclatu	equ	0xFFB
   668                           pclath	equ	0xFFA
   669                           pcl	equ	0xFF9
   670                           tblptru	equ	0xFF8
   671                           tblptrh	equ	0xFF7
   672                           tblptrl	equ	0xFF6
   673                           tablat	equ	0xFF5
   674                           prodh	equ	0xFF4
   675                           prodl	equ	0xFF3
   676                           indf0	equ	0xFEF
   677                           postinc0	equ	0xFEE
   678                           postdec0	equ	0xFED
   679                           preinc0	equ	0xFEC
   680                           plusw0	equ	0xFEB
   681                           fsr0h	equ	0xFEA
   682                           fsr0l	equ	0xFE9
   683                           wreg	equ	0xFE8
   684                           indf1	equ	0xFE7
   685                           postinc1	equ	0xFE6
   686                           postdec1	equ	0xFE5
   687                           preinc1	equ	0xFE4
   688                           plusw1	equ	0xFE3
   689                           fsr1h	equ	0xFE2
   690                           fsr1l	equ	0xFE1
   691                           bsr	equ	0xFE0
   692                           indf2	equ	0xFDF
   693                           postinc2	equ	0xFDE
   694                           postdec2	equ	0xFDD
   695                           preinc2	equ	0xFDC
   696                           plusw2	equ	0xFDB
   697                           fsr2h	equ	0xFDA
   698                           fsr2l	equ	0xFD9
   699                           status	equ	0xFD8

Data Sizes:
    Strings     0
    Constant    0
    Data        10
    BSS         0
    Persistent  0
    Stack       0

Auto Spaces:
    Space          Size  Autos    Used
    COMRAM           94      7      17
    BANK0           160      0       0
    BANK1           256      0       0
    BANK2           256      0       0
    BANK3           256      0       0
    BANK4           256      0       0
    BANK5           256      0       0
    BANK6           256      0       0
    BANK7           256      0       0

Pointer List with Targets:

    None.

Critical Paths under _main in COMRAM

    None.

Critical Paths under _ISR in COMRAM

    _ISR->_pinChange_ISR

Critical Paths under _main in BANK0

    None.

Critical Paths under _ISR in BANK0

    None.

Critical Paths under _main in BANK1

    None.

Critical Paths under _ISR in BANK1

    None.

Critical Paths under _main in BANK2

    None.

Critical Paths under _ISR in BANK2

    None.

Critical Paths under _main in BANK3

    None.

Critical Paths under _ISR in BANK3

    None.

Critical Paths under _main in BANK4

    None.

Critical Paths under _ISR in BANK4

    None.

Critical Paths under _main in BANK5

    None.

Critical Paths under _ISR in BANK5

    None.

Critical Paths under _main in BANK6

    None.

Critical Paths under _ISR in BANK6

    None.

Critical Paths under _main in BANK7

    None.

Critical Paths under _ISR in BANK7

    None.

Call Graph Tables:

 ---------------------------------------------------------------------------------
 (Depth) Function   	        Calls       Base Space   Used Autos Params    Refs
 ---------------------------------------------------------------------------------
 (0) _main                                                 3     3      0      45
                                              4 COMRAM     3     3      0
 ---------------------------------------------------------------------------------
 Estimated maximum stack depth 0
 ---------------------------------------------------------------------------------
 (Depth) Function   	        Calls       Base Space   Used Autos Params    Refs
 ---------------------------------------------------------------------------------
 (1) _ISR                                                  0     0      0      30
                      _pinChange_ISR
 ---------------------------------------------------------------------------------
 (2) _pinChange_ISR                                        4     4      0      30
                                              0 COMRAM     4     4      0
 ---------------------------------------------------------------------------------
 Estimated maximum stack depth 2
 ---------------------------------------------------------------------------------

 Call Graph Graphs:

 _main (ROOT)

 _ISR (ROOT)
   _pinChange_ISR

 Address spaces:
Name               Size   Autos  Total    Cost      Usage
BIGRAM             7FF      0       0      21        0.0%
EEDATA             100      0       0       0        0.0%
BITBANK7           100      0       0      18        0.0%
BANK7              100      0       0      19        0.0%
BITBANK6           100      0       0      16        0.0%
BANK6              100      0       0      17        0.0%
BITBANK5           100      0       0      14        0.0%
BANK5              100      0       0      15        0.0%
BITBANK4           100      0       0      12        0.0%
BANK4              100      0       0      13        0.0%
BITBANK3           100      0       0      10        0.0%
BANK3              100      0       0      11        0.0%
BITBANK2           100      0       0       8        0.0%
BANK2              100      0       0       9        0.0%
BITBANK1           100      0       0       6        0.0%
BANK1              100      0       0       7        0.0%
BITBANK0            A0      0       0       4        0.0%
BANK0               A0      0       0       5        0.0%
BITCOMRAM           5E      0       0       0        0.0%
COMRAM              5E      7      11       1       18.1%
BITSFR               0      0       0     200        0.0%
SFR                  0      0       0     200        0.0%
STACK                0      0       0       2        0.0%
NULL                 0      0       0       0        0.0%
ABS                  0      0      11      20        0.0%
DATA                 0      0      11       3        0.0%
CODE                 0      0       0       0        0.0%


Microchip Technology PIC18 Macro Assembler V2.31 build 20201012212115 
Symbol Table                                                                                   Mon May 30 20:03:34 2022

                     u30 0110                       u31 010C                       u57 00F2  
                    l751 00CE                      l761 00D8                      l753 00D0  
                    l745 00BC                      l763 00E8                      l755 00D2  
                    l747 00C8                      l765 00FE                      l757 00D4  
                    l749 00CC                      l767 0100                      _GIE 007F97  
                    _ISR 0008                      wreg 000FE8                     ?_ISR 000B  
                   _LATD 000F8C                     _RBIE 007F93                     _RBIF 007F90  
                   i2l50 0050                     i2l42 015A                     i2l53 00BA  
                   i2l46 0038                     i2l48 0040                     i2l49 0048  
                   _RBPU 007F8F                     _main 00BC                     indf2 000FDF  
                   fsr1l 000FE1                     fsr2l 000FD9                     btemp 0012  
                   start 000E             ___param_bank 000000                    ??_ISR 000F  
                  ?_main 000B                    i2l733 0058                    i2l735 0092  
                  i2l737 00A2                    i2l729 0012                    i2l739 00B8  
                  i2l771 0156                    i2l777 006C                    i2l769 0148  
                  _PORTB 000F81                    _TRISB 000F93                    _TRISD 000F95  
                  main@i 0011                    tablat 000FF5                    ttemp5 0013  
                  ttemp6 0016                    ttemp7 001A                    status 000FD8  
                  wtemp8 0013          __initialization 0118             __end_of_main 0118  
                 ??_main 000F            __activetblptr 000002                   _ADCON1 000FC1  
                 _OSCCON 000FD3                   i2u1_45 0024                   i2u2_40 00A2  
                 i2u2_41 009E                   i2u4_40 0156                   i2u4_41 0152  
                 i2u6_47 00AC   __size_of_pinChange_ISR 00AA             __pdataCOMRAM 0001  
                 tblptrh 000FF7                   tblptrl 000FF6                   tblptru 000FF8  
             __accesstop 0060  __end_of__initialization 0138            ___rparam_used 000001  
         __pcstackCOMRAM 000B            _pinChange_ISR 0012           ?_pinChange_ISR 000B  
                __Hparam 0000                  __Lparam 0000                  __pcinit 0118  
                __ramtop 0800                  __ptext0 00BC                  __ptext2 0012  
           __size_of_ISR 0156           __pintcode_body 0146     end_of_initialization 0138  
          __Lmediumconst 0000                  int_func 0146                  postdec1 000FE5  
                postinc0 000FEE          ??_pinChange_ISR 000B            __pidataCOMRAM 015E  
    start_initialization 0118              __end_of_ISR 015E                __pintcode 0008  
              _display7a 0001                copy_data0 012C                 __Hrparam 0000  
               __Lrparam 0000    __end_of_pinChange_ISR 00BC            __size_of_main 005C  
      pinChange_ISR@KBIx 000E                 int$flags 0012                 intlevel2 0000  
