

Microchip MPLAB XC8 Assembler V2.31 build 20201012212115 
                                                                                               Sat Jun 11 20:04:27 2022

Microchip MPLAB XC8 C Compiler v2.31 (Free license) build 20201012212115 Og1 
     1                           	processor	18F4550
     2                           	fnconf	rparam,??,?,0
     3                           	pagewidth 120
     4                           	opt	flic
     5                           	psect	cinit,global,reloc=2,class=CODE,delta=1
     6                           	psect	bssCOMRAM,global,class=COMRAM,space=1,delta=1,lowdata,noexec
     7                           	psect	cstackCOMRAM,global,class=COMRAM,space=1,delta=1,lowdata,noexec
     8                           	psect	text0,global,reloc=2,class=CODE,delta=1
     9                           	psect	text1,global,reloc=2,class=CODE,delta=1
    10                           	psect	intcode,global,reloc=2,class=CODE,delta=1
    11                           	psect	intcode_body,global,reloc=2,class=CODE,delta=1
    12                           	psect	text3,global,reloc=2,class=CODE,delta=1
    13                           	psect	intsave_regs,global,class=BIGRAM,space=1,delta=1,noexec
    14                           	psect	rparam,global,class=COMRAM,space=1,delta=1,noexec
    15                           	psect	temp,global,ovrld,common,class=COMRAM,space=1,delta=1
    16                           	psect	idloc,global,abs,ovrld,class=IDLOC,space=5,delta=1,noexec
    17                           	psect	config,global,abs,ovrld,class=CONFIG,space=4,delta=1,noexec
    18  0000                     
    19                           ; Version 2.20
    20                           ; Generated 12/02/2020 GMT
    21                           ; 
    22                           ; Copyright © 2020, Microchip Technology Inc. and its subsidiaries ("Microchip")
    23                           ; All rights reserved.
    24                           ; 
    25                           ; This software is developed by Microchip Technology Inc. and its subsidiaries ("Microch
      +                          ip").
    26                           ; 
    27                           ; Redistribution and use in source and binary forms, with or without modification, are
    28                           ; permitted provided that the following conditions are met:
    29                           ; 
    30                           ;     1. Redistributions of source code must retain the above copyright notice, this lis
      +                          t of
    31                           ;        conditions and the following disclaimer.
    32                           ; 
    33                           ;     2. Redistributions in binary form must reproduce the above copyright notice, this 
      +                          list
    34                           ;        of conditions and the following disclaimer in the documentation and/or other
    35                           ;        materials provided with the distribution.
    36                           ; 
    37                           ;     3. Microchip's name may not be used to endorse or promote products derived from th
      +                          is
    38                           ;        software without specific prior written permission.
    39                           ; 
    40                           ; THIS SOFTWARE IS PROVIDED BY MICROCHIP "AS IS" AND ANY EXPRESS OR IMPLIED WARRANTIES,
    41                           ; INCLUDING, BUT NOT LIMITED TO, THE IMPLIED WARRANTIES OF MERCHANTABILITY AND FITNESS F
      +                          OR
    42                           ; PURPOSE ARE DISCLAIMED.  IN NO EVENT SHALL MICROCHIP BE LIABLE FOR ANY DIRECT, INDIREC
      +                          T,
    43                           ; INCIDENTAL, SPECIAL, EXEMPLARY, OR CONSEQUENTIAL DAMAGES (INCLUDING BUT NOT LIMITED TO
    44                           ; PROCUREMENT OF SUBSTITUTE GOODS OR SERVICES; LOSS OF USE, DATA OR PROFITS; OR BUSINESS
    45                           ; INTERRUPTION) HOWSOEVER CAUSED AND ON ANY THEORY OF LIABILITY, WHETHER IN CONTRACT, ST
      +                          RICT
    46                           ; LIABILITY, OR TORT (INCLUDING NEGLIGENCE OR OTHERWISE) ARISING IN ANY WAY OUT OF THE U
      +                          SE OF
    47                           ; THIS SOFTWARE, EVEN IF ADVISED OF THE POSSIBILITY OF SUCH DAMAGE.
    48                           ; 
    49                           ; 
    50                           ; Code-generator required, PIC18F4550 Definitions
    51                           ; 
    52                           ; SFR Addresses
    53  0000                     _TMR1	set	4046
    54  0000                     _T1CON	set	4045
    55  0000                     _PORTAbits	set	3968
    56  0000                     _LATD	set	3980
    57  0000                     _TRISD	set	3989
    58  0000                     _TRISA	set	3986
    59  0000                     _LATB	set	3978
    60  0000                     _TRISB	set	3987
    61  0000                     _OSCCON	set	4051
    62  0000                     _ADCON1	set	4033
    63  0000                     _TMR1IE	set	31976
    64  0000                     _PEIE	set	32662
    65  0000                     _GIE	set	32663
    66  0000                     _TMR1IF	set	31984
    67                           
    68                           ; #config settings
    69                           
    70                           	psect	cinit
    71  000096                     __pcinit:
    72                           	callstack 0
    73  000096                     start_initialization:
    74                           	callstack 0
    75  000096                     __initialization:
    76                           	callstack 0
    77                           
    78                           ; Clear objects allocated to COMRAM (1 bytes)
    79  000096  6A01               	clrf	__pbssCOMRAM& (0+255),c
    80  000098                     end_of_initialization:
    81                           	callstack 0
    82  000098                     __end_of__initialization:
    83                           	callstack 0
    84  000098  9002               	bcf	int$flags,0,c	;clear compiler interrupt flag (level 1)
    85  00009A  9202               	bcf	int$flags,1,c	;clear compiler interrupt flag (level 2)
    86  00009C  0100               	movlb	0
    87  00009E  EF09  F000         	goto	_main	;jump to C main() function
    88                           
    89                           	psect	bssCOMRAM
    90  000001                     __pbssCOMRAM:
    91                           	callstack 0
    92  000001                     _aux:
    93                           	callstack 0
    94  000001                     	ds	1
    95                           
    96                           	psect	cstackCOMRAM
    97  000000                     __pcstackCOMRAM:
    98                           	callstack 0
    99  000000                     
   100                           ; 2 bytes @ 0x0
   101 ;;
   102 ;;Main: autosize = 0, tempsize = 0, incstack = 0, save=0
   103 ;;
   104 ;; *************** function _main *****************
   105 ;; Defined at:
   106 ;;		line 15 in file "main.c"
   107 ;; Parameters:    Size  Location     Type
   108 ;;		None
   109 ;; Auto vars:     Size  Location     Type
   110 ;;		None
   111 ;; Return value:  Size  Location     Type
   112 ;;                  2   38[None  ] int 
   113 ;; Registers used:
   114 ;;		wreg, status,2, status,0, cstack
   115 ;; Tracked objects:
   116 ;;		On entry : 0/0
   117 ;;		On exit  : 0/0
   118 ;;		Unchanged: 0/0
   119 ;; Data sizes:     COMRAM   BANK0   BANK1   BANK2   BANK3   BANK4   BANK5   BANK6   BANK7
   120 ;;      Params:         0       0       0       0       0       0       0       0       0
   121 ;;      Locals:         0       0       0       0       0       0       0       0       0
   122 ;;      Temps:          0       0       0       0       0       0       0       0       0
   123 ;;      Totals:         0       0       0       0       0       0       0       0       0
   124 ;;Total ram usage:        0 bytes
   125 ;; Hardware stack levels required when called:    3
   126 ;; This function calls:
   127 ;;		_TIMER1_Begin
   128 ;; This function is called by:
   129 ;;		Startup code after reset
   130 ;; This function uses a non-reentrant model
   131 ;;
   132                           
   133                           	psect	text0
   134  000012                     __ptext0:
   135                           	callstack 0
   136  000012                     _main:
   137                           	callstack 28
   138  000012                     
   139                           ;main.c: 17:     ADCON1=0x0f;
   140  000012  0E0F               	movlw	15
   141  000014  6EC1               	movwf	193,c	;volatile
   142                           
   143                           ;main.c: 18:     OSCCON =0x72;
   144  000016  0E72               	movlw	114
   145  000018  6ED3               	movwf	211,c	;volatile
   146  00001A                     
   147                           ;main.c: 19:     TRISB &= ~(1<<0);
   148  00001A  9093               	bcf	147,0,c	;volatile
   149  00001C                     
   150                           ;main.c: 20:     LATB |=(1<<0);
   151  00001C  808A               	bsf	138,0,c	;volatile
   152  00001E                     
   153                           ;main.c: 21:     TIMER1_Begin();
   154  00001E  EC40  F000         	call	_TIMER1_Begin	;wreg free
   155  000022                     
   156                           ;main.c: 22:     TRISA |= (1<<0);
   157  000022  8092               	bsf	146,0,c	;volatile
   158  000024                     
   159                           ;main.c: 23:     TRISD &= ~(1<<0);
   160  000024  9095               	bcf	149,0,c	;volatile
   161  000026                     l767:
   162                           
   163                           ;main.c: 24:     LATD &=~(1<<0);
   164  000026  908C               	bcf	140,0,c	;volatile
   165  000028                     l769:
   166                           
   167                           ;main.c: 28:         if(PORTAbits.RA0==0){
   168  000028  B080               	btfsc	128,0,c	;volatile
   169  00002A  EF19  F000         	goto	u21
   170  00002E  EF1B  F000         	goto	u20
   171  000032                     u21:
   172  000032  EF13  F000         	goto	l767
   173  000036                     u20:
   174  000036                     
   175                           ;main.c: 30:             LATD |=(1<<0);
   176  000036  808C               	bsf	140,0,c	;volatile
   177                           
   178                           ;main.c: 31:         }
   179  000038  EF14  F000         	goto	l769
   180  00003C  EF07  F000         	goto	start
   181  000040                     __end_of_main:
   182                           	callstack 0
   183                           
   184 ;; *************** function _TIMER1_Begin *****************
   185 ;; Defined at:
   186 ;;		line 48 in file "main.c"
   187 ;; Parameters:    Size  Location     Type
   188 ;;		None
   189 ;; Auto vars:     Size  Location     Type
   190 ;;		None
   191 ;; Return value:  Size  Location     Type
   192 ;;                  1    wreg      void 
   193 ;; Registers used:
   194 ;;		wreg, status,2
   195 ;; Tracked objects:
   196 ;;		On entry : 0/0
   197 ;;		On exit  : 0/0
   198 ;;		Unchanged: 0/0
   199 ;; Data sizes:     COMRAM   BANK0   BANK1   BANK2   BANK3   BANK4   BANK5   BANK6   BANK7
   200 ;;      Params:         0       0       0       0       0       0       0       0       0
   201 ;;      Locals:         0       0       0       0       0       0       0       0       0
   202 ;;      Temps:          0       0       0       0       0       0       0       0       0
   203 ;;      Totals:         0       0       0       0       0       0       0       0       0
   204 ;;Total ram usage:        0 bytes
   205 ;; Hardware stack levels used:    1
   206 ;; Hardware stack levels required when called:    2
   207 ;; This function calls:
   208 ;;		Nothing
   209 ;; This function is called by:
   210 ;;		_main
   211 ;; This function uses a non-reentrant model
   212 ;;
   213                           
   214                           	psect	text1
   215  000080                     __ptext1:
   216                           	callstack 0
   217  000080                     _TIMER1_Begin:
   218                           	callstack 28
   219  000080                     
   220                           ;main.c: 50:     T1CON=0b10110101;
   221  000080  0EB5               	movlw	181
   222  000082  6ECD               	movwf	205,c	;volatile
   223  000084                     
   224                           ;main.c: 51:     TMR1IF=0;
   225  000084  909E               	bcf	3998,0,c	;volatile
   226  000086                     
   227                           ;main.c: 52:     GIE=1;
   228  000086  8EF2               	bsf	4082,7,c	;volatile
   229  000088                     
   230                           ;main.c: 53:     PEIE=1;
   231  000088  8CF2               	bsf	4082,6,c	;volatile
   232  00008A                     
   233                           ;main.c: 54:     TMR1IE=1;
   234  00008A  809D               	bsf	3997,0,c	;volatile
   235                           
   236                           ;main.c: 55:     TMR1=0x3CB0;
   237  00008C  0E3C               	movlw	60
   238  00008E  6ECF               	movwf	207,c	;volatile
   239  000090  0EB0               	movlw	176
   240  000092  6ECE               	movwf	206,c	;volatile
   241  000094  0012               	return		;funcret
   242  000096                     __end_of_TIMER1_Begin:
   243                           	callstack 0
   244                           
   245 ;; *************** function _ISR *****************
   246 ;; Defined at:
   247 ;;		line 41 in file "main.c"
   248 ;; Parameters:    Size  Location     Type
   249 ;;		None
   250 ;; Auto vars:     Size  Location     Type
   251 ;;		None
   252 ;; Return value:  Size  Location     Type
   253 ;;                  1    wreg      void 
   254 ;; Registers used:
   255 ;;		wreg, status,2, status,0, cstack
   256 ;; Tracked objects:
   257 ;;		On entry : 0/0
   258 ;;		On exit  : 0/0
   259 ;;		Unchanged: 0/0
   260 ;; Data sizes:     COMRAM   BANK0   BANK1   BANK2   BANK3   BANK4   BANK5   BANK6   BANK7
   261 ;;      Params:         0       0       0       0       0       0       0       0       0
   262 ;;      Locals:         0       0       0       0       0       0       0       0       0
   263 ;;      Temps:          0       0       0       0       0       0       0       0       0
   264 ;;      Totals:         0       0       0       0       0       0       0       0       0
   265 ;;Total ram usage:        0 bytes
   266 ;; Hardware stack levels used:    1
   267 ;; Hardware stack levels required when called:    1
   268 ;; This function calls:
   269 ;;		_TIMER1_ISR
   270 ;; This function is called by:
   271 ;;		Interrupt level 2
   272 ;; This function uses a non-reentrant model
   273 ;;
   274                           
   275                           	psect	intcode
   276  000008                     __pintcode:
   277                           	callstack 0
   278  000008                     _ISR:
   279                           	callstack 28
   280                           
   281                           ;incstack = 0
   282  000008  8202               	bsf	int$flags,1,c	;set compiler interrupt flag (level 2)
   283  00000A  ED34  F000         	call	int_func,f	;refresh shadow registers
   284                           
   285                           	psect	intcode_body
   286  000068                     __pintcode_body:
   287                           	callstack 28
   288  000068                     int_func:
   289                           	callstack 28
   290  000068  0006               	pop		; remove dummy address from shadow register refresh
   291  00006A                     
   292                           ;main.c: 43:     if(TMR1IF){
   293  00006A  A09E               	btfss	3998,0,c	;volatile
   294  00006C  EF3A  F000         	goto	i2u3_41
   295  000070  EF3C  F000         	goto	i2u3_40
   296  000074                     i2u3_41:
   297  000074  EF3E  F000         	goto	i2l50
   298  000078                     i2u3_40:
   299  000078                     
   300                           ;main.c: 44:         TIMER1_ISR();
   301  000078  EC20  F000         	call	_TIMER1_ISR	;wreg free
   302  00007C                     i2l50:
   303  00007C  9202               	bcf	int$flags,1,c	;clear compiler interrupt flag (level 2)
   304  00007E  0011               	retfie		f
   305  000080                     __end_of_ISR:
   306                           	callstack 0
   307                           
   308 ;; *************** function _TIMER1_ISR *****************
   309 ;; Defined at:
   310 ;;		line 58 in file "main.c"
   311 ;; Parameters:    Size  Location     Type
   312 ;;		None
   313 ;; Auto vars:     Size  Location     Type
   314 ;;		None
   315 ;; Return value:  Size  Location     Type
   316 ;;                  1    wreg      void 
   317 ;; Registers used:
   318 ;;		wreg, status,2, status,0
   319 ;; Tracked objects:
   320 ;;		On entry : 0/0
   321 ;;		On exit  : 0/0
   322 ;;		Unchanged: 0/0
   323 ;; Data sizes:     COMRAM   BANK0   BANK1   BANK2   BANK3   BANK4   BANK5   BANK6   BANK7
   324 ;;      Params:         0       0       0       0       0       0       0       0       0
   325 ;;      Locals:         0       0       0       0       0       0       0       0       0
   326 ;;      Temps:          0       0       0       0       0       0       0       0       0
   327 ;;      Totals:         0       0       0       0       0       0       0       0       0
   328 ;;Total ram usage:        0 bytes
   329 ;; Hardware stack levels used:    1
   330 ;; This function calls:
   331 ;;		Nothing
   332 ;; This function is called by:
   333 ;;		_ISR
   334 ;; This function uses a non-reentrant model
   335 ;;
   336                           
   337                           	psect	text3
   338  000040                     __ptext3:
   339                           	callstack 0
   340  000040                     _TIMER1_ISR:
   341                           	callstack 28
   342  000040                     
   343                           ;main.c: 60:     aux++;
   344  000040  2A01               	incf	_aux^0,f,c	;volatile
   345  000042                     
   346                           ;main.c: 62:     TMR1=0x3CB0;
   347  000042  0E3C               	movlw	60
   348  000044  6ECF               	movwf	207,c	;volatile
   349  000046  0EB0               	movlw	176
   350  000048  6ECE               	movwf	206,c	;volatile
   351  00004A                     
   352                           ;main.c: 64:     if(aux==5){
   353  00004A  0E05               	movlw	5
   354  00004C  1801               	xorwf	_aux^0,w,c	;volatile
   355  00004E  A4D8               	btfss	status,2,c
   356  000050  EF2C  F000         	goto	i2u1_41
   357  000054  EF2E  F000         	goto	i2u1_40
   358  000058                     i2u1_41:
   359  000058  EF32  F000         	goto	i2l753
   360  00005C                     i2u1_40:
   361  00005C                     
   362                           ;main.c: 65:         LATB^=(1<<0);
   363  00005C  0E01               	movlw	1
   364  00005E  1A8A               	xorwf	138,f,c	;volatile
   365  000060                     
   366                           ;main.c: 66:         aux=0;
   367  000060  0E00               	movlw	0
   368  000062  6E01               	movwf	_aux^0,c	;volatile
   369  000064                     i2l753:
   370                           
   371                           ;main.c: 69:     TMR1IF=0;
   372  000064  909E               	bcf	3998,0,c	;volatile
   373  000066  0012               	return		;funcret
   374  000068                     __end_of_TIMER1_ISR:
   375                           	callstack 0
   376  0000                     
   377                           	psect	rparam
   378  0000                     
   379                           	psect	temp
   380  000002                     btemp:
   381                           	callstack 0
   382  000002                     	ds	1
   383  0000                     int$flags	set	btemp
   384  0000                     wtemp8	set	btemp+1
   385  0000                     ttemp5	set	btemp+1
   386  0000                     ttemp6	set	btemp+4
   387  0000                     ttemp7	set	btemp+8
   388                           
   389                           	psect	idloc
   390                           
   391                           ;Config register IDLOC0 @ 0x200000
   392                           ;	unspecified, using default values
   393  200000                     	org	2097152
   394  200000  FF                 	db	255
   395                           
   396                           ;Config register IDLOC1 @ 0x200001
   397                           ;	unspecified, using default values
   398  200001                     	org	2097153
   399  200001  FF                 	db	255
   400                           
   401                           ;Config register IDLOC2 @ 0x200002
   402                           ;	unspecified, using default values
   403  200002                     	org	2097154
   404  200002  FF                 	db	255
   405                           
   406                           ;Config register IDLOC3 @ 0x200003
   407                           ;	unspecified, using default values
   408  200003                     	org	2097155
   409  200003  FF                 	db	255
   410                           
   411                           ;Config register IDLOC4 @ 0x200004
   412                           ;	unspecified, using default values
   413  200004                     	org	2097156
   414  200004  FF                 	db	255
   415                           
   416                           ;Config register IDLOC5 @ 0x200005
   417                           ;	unspecified, using default values
   418  200005                     	org	2097157
   419  200005  FF                 	db	255
   420                           
   421                           ;Config register IDLOC6 @ 0x200006
   422                           ;	unspecified, using default values
   423  200006                     	org	2097158
   424  200006  FF                 	db	255
   425                           
   426                           ;Config register IDLOC7 @ 0x200007
   427                           ;	unspecified, using default values
   428  200007                     	org	2097159
   429  200007  FF                 	db	255
   430                           
   431                           	psect	config
   432                           
   433                           ;Config register CONFIG1L @ 0x300000
   434                           ;	PLL Prescaler Selection bits
   435                           ;	PLLDIV = 1, No prescale (4 MHz oscillator input drives PLL directly)
   436                           ;	System Clock Postscaler Selection bits
   437                           ;	CPUDIV = OSC1_PLL2, [Primary Oscillator Src: /1][96 MHz PLL Src: /2]
   438                           ;	USB Clock Selection bit (used in Full-Speed USB mode only; UCFG:FSEN = 1)
   439                           ;	USBDIV = 1, USB clock source comes directly from the primary oscillator block with no 
      +                          postscale
   440  300000                     	org	3145728
   441  300000  00                 	db	0
   442                           
   443                           ;Config register CONFIG1H @ 0x300001
   444                           ;	Oscillator Selection bits
   445                           ;	FOSC = INTOSCIO_EC, Internal oscillator, port function on RA6, EC used by USB (INTIO)
   446                           ;	Fail-Safe Clock Monitor Enable bit
   447                           ;	FCMEN = OFF, Fail-Safe Clock Monitor disabled
   448                           ;	Internal/External Oscillator Switchover bit
   449                           ;	IESO = OFF, Oscillator Switchover mode disabled
   450  300001                     	org	3145729
   451  300001  08                 	db	8
   452                           
   453                           ;Config register CONFIG2L @ 0x300002
   454                           ;	Power-up Timer Enable bit
   455                           ;	PWRT = OFF, PWRT disabled
   456                           ;	Brown-out Reset Enable bits
   457                           ;	BOR = ON, Brown-out Reset enabled in hardware only (SBOREN is disabled)
   458                           ;	Brown-out Reset Voltage bits
   459                           ;	BORV = 3, Minimum setting 2.05V
   460                           ;	USB Voltage Regulator Enable bit
   461                           ;	VREGEN = OFF, USB voltage regulator disabled
   462  300002                     	org	3145730
   463  300002  1F                 	db	31
   464                           
   465                           ;Config register CONFIG2H @ 0x300003
   466                           ;	Watchdog Timer Enable bit
   467                           ;	WDT = OFF, WDT disabled (control is placed on the SWDTEN bit)
   468                           ;	Watchdog Timer Postscale Select bits
   469                           ;	WDTPS = 32768, 1:32768
   470  300003                     	org	3145731
   471  300003  1E                 	db	30
   472                           
   473                           ; Padding undefined space
   474  300004                     	org	3145732
   475  300004  FF                 	db	255
   476                           
   477                           ;Config register CONFIG3H @ 0x300005
   478                           ;	CCP2 MUX bit
   479                           ;	CCP2MX = ON, CCP2 input/output is multiplexed with RC1
   480                           ;	PORTB A/D Enable bit
   481                           ;	PBADEN = OFF, PORTB<4:0> pins are configured as digital I/O on Reset
   482                           ;	Low-Power Timer 1 Oscillator Enable bit
   483                           ;	LPT1OSC = OFF, Timer1 configured for higher power operation
   484                           ;	MCLR Pin Enable bit
   485                           ;	MCLRE = OFF, RE3 input pin enabled; MCLR pin disabled
   486  300005                     	org	3145733
   487  300005  01                 	db	1
   488                           
   489                           ;Config register CONFIG4L @ 0x300006
   490                           ;	Stack Full/Underflow Reset Enable bit
   491                           ;	STVREN = ON, Stack full/underflow will cause Reset
   492                           ;	Single-Supply ICSP Enable bit
   493                           ;	LVP = OFF, Single-Supply ICSP disabled
   494                           ;	Dedicated In-Circuit Debug/Programming Port (ICPORT) Enable bit
   495                           ;	ICPRT = OFF, ICPORT disabled
   496                           ;	Extended Instruction Set Enable bit
   497                           ;	XINST = OFF, Instruction set extension and Indexed Addressing mode disabled (Legacy mo
      +                          de)
   498                           ;	Background Debugger Enable bit
   499                           ;	DEBUG = 0x1, unprogrammed default
   500  300006                     	org	3145734
   501  300006  81                 	db	129
   502                           
   503                           ; Padding undefined space
   504  300007                     	org	3145735
   505  300007  FF                 	db	255
   506                           
   507                           ;Config register CONFIG5L @ 0x300008
   508                           ;	Code Protection bit
   509                           ;	CP0 = OFF, Block 0 (000800-001FFFh) is not code-protected
   510                           ;	Code Protection bit
   511                           ;	CP1 = OFF, Block 1 (002000-003FFFh) is not code-protected
   512                           ;	Code Protection bit
   513                           ;	CP2 = OFF, Block 2 (004000-005FFFh) is not code-protected
   514                           ;	Code Protection bit
   515                           ;	CP3 = OFF, Block 3 (006000-007FFFh) is not code-protected
   516  300008                     	org	3145736
   517  300008  0F                 	db	15
   518                           
   519                           ;Config register CONFIG5H @ 0x300009
   520                           ;	Boot Block Code Protection bit
   521                           ;	CPB = OFF, Boot block (000000-0007FFh) is not code-protected
   522                           ;	Data EEPROM Code Protection bit
   523                           ;	CPD = OFF, Data EEPROM is not code-protected
   524  300009                     	org	3145737
   525  300009  C0                 	db	192
   526                           
   527                           ;Config register CONFIG6L @ 0x30000A
   528                           ;	Write Protection bit
   529                           ;	WRT0 = OFF, Block 0 (000800-001FFFh) is not write-protected
   530                           ;	Write Protection bit
   531                           ;	WRT1 = OFF, Block 1 (002000-003FFFh) is not write-protected
   532                           ;	Write Protection bit
   533                           ;	WRT2 = OFF, Block 2 (004000-005FFFh) is not write-protected
   534                           ;	Write Protection bit
   535                           ;	WRT3 = OFF, Block 3 (006000-007FFFh) is not write-protected
   536  30000A                     	org	3145738
   537  30000A  0F                 	db	15
   538                           
   539                           ;Config register CONFIG6H @ 0x30000B
   540                           ;	Configuration Register Write Protection bit
   541                           ;	WRTC = OFF, Configuration registers (300000-3000FFh) are not write-protected
   542                           ;	Boot Block Write Protection bit
   543                           ;	WRTB = OFF, Boot block (000000-0007FFh) is not write-protected
   544                           ;	Data EEPROM Write Protection bit
   545                           ;	WRTD = OFF, Data EEPROM is not write-protected
   546  30000B                     	org	3145739
   547  30000B  E0                 	db	224
   548                           
   549                           ;Config register CONFIG7L @ 0x30000C
   550                           ;	Table Read Protection bit
   551                           ;	EBTR0 = OFF, Block 0 (000800-001FFFh) is not protected from table reads executed in ot
      +                          her blocks
   552                           ;	Table Read Protection bit
   553                           ;	EBTR1 = OFF, Block 1 (002000-003FFFh) is not protected from table reads executed in ot
      +                          her blocks
   554                           ;	Table Read Protection bit
   555                           ;	EBTR2 = OFF, Block 2 (004000-005FFFh) is not protected from table reads executed in ot
      +                          her blocks
   556                           ;	Table Read Protection bit
   557                           ;	EBTR3 = OFF, Block 3 (006000-007FFFh) is not protected from table reads executed in ot
      +                          her blocks
   558  30000C                     	org	3145740
   559  30000C  0F                 	db	15
   560                           
   561                           ;Config register CONFIG7H @ 0x30000D
   562                           ;	Boot Block Table Read Protection bit
   563                           ;	EBTRB = OFF, Boot block (000000-0007FFh) is not protected from table reads executed in
      +                           other blocks
   564  30000D                     	org	3145741
   565  30000D  40                 	db	64
   566                           tosu	equ	0xFFF
   567                           tosh	equ	0xFFE
   568                           tosl	equ	0xFFD
   569                           stkptr	equ	0xFFC
   570                           pclatu	equ	0xFFB
   571                           pclath	equ	0xFFA
   572                           pcl	equ	0xFF9
   573                           tblptru	equ	0xFF8
   574                           tblptrh	equ	0xFF7
   575                           tblptrl	equ	0xFF6
   576                           tablat	equ	0xFF5
   577                           prodh	equ	0xFF4
   578                           prodl	equ	0xFF3
   579                           indf0	equ	0xFEF
   580                           postinc0	equ	0xFEE
   581                           postdec0	equ	0xFED
   582                           preinc0	equ	0xFEC
   583                           plusw0	equ	0xFEB
   584                           fsr0h	equ	0xFEA
   585                           fsr0l	equ	0xFE9
   586                           wreg	equ	0xFE8
   587                           indf1	equ	0xFE7
   588                           postinc1	equ	0xFE6
   589                           postdec1	equ	0xFE5
   590                           preinc1	equ	0xFE4
   591                           plusw1	equ	0xFE3
   592                           fsr1h	equ	0xFE2
   593                           fsr1l	equ	0xFE1
   594                           bsr	equ	0xFE0
   595                           indf2	equ	0xFDF
   596                           postinc2	equ	0xFDE
   597                           postdec2	equ	0xFDD
   598                           preinc2	equ	0xFDC
   599                           plusw2	equ	0xFDB
   600                           fsr2h	equ	0xFDA
   601                           fsr2l	equ	0xFD9
   602                           status	equ	0xFD8

Data Sizes:
    Strings     0
    Constant    0
    Data        0
    BSS         1
    Persistent  0
    Stack       0

Auto Spaces:
    Space          Size  Autos    Used
    COMRAM           94      0       1
    BANK0           160      0       0
    BANK1           256      0       0
    BANK2           256      0       0
    BANK3           256      0       0
    BANK4           256      0       0
    BANK5           256      0       0
    BANK6           256      0       0
    BANK7           256      0       0

Pointer List with Targets:

    None.

Critical Paths under _main in COMRAM

    None.

Critical Paths under _ISR in COMRAM

    None.

Critical Paths under _main in BANK0

    None.

Critical Paths under _ISR in BANK0

    None.

Critical Paths under _main in BANK1

    None.

Critical Paths under _ISR in BANK1

    None.

Critical Paths under _main in BANK2

    None.

Critical Paths under _ISR in BANK2

    None.

Critical Paths under _main in BANK3

    None.

Critical Paths under _ISR in BANK3

    None.

Critical Paths under _main in BANK4

    None.

Critical Paths under _ISR in BANK4

    None.

Critical Paths under _main in BANK5

    None.

Critical Paths under _ISR in BANK5

    None.

Critical Paths under _main in BANK6

    None.

Critical Paths under _ISR in BANK6

    None.

Critical Paths under _main in BANK7

    None.

Critical Paths under _ISR in BANK7

    None.

Call Graph Tables:

 ---------------------------------------------------------------------------------
 (Depth) Function   	        Calls       Base Space   Used Autos Params    Refs
 ---------------------------------------------------------------------------------
 (0) _main                                                 0     0      0       0
                       _TIMER1_Begin
 ---------------------------------------------------------------------------------
 (1) _TIMER1_Begin                                         0     0      0       0
 ---------------------------------------------------------------------------------
 Estimated maximum stack depth 1
 ---------------------------------------------------------------------------------
 (Depth) Function   	        Calls       Base Space   Used Autos Params    Refs
 ---------------------------------------------------------------------------------
 (2) _ISR                                                  0     0      0       0
                         _TIMER1_ISR
 ---------------------------------------------------------------------------------
 (3) _TIMER1_ISR                                           0     0      0       0
 ---------------------------------------------------------------------------------
 Estimated maximum stack depth 3
 ---------------------------------------------------------------------------------

 Call Graph Graphs:

 _main (ROOT)
   _TIMER1_Begin

 _ISR (ROOT)
   _TIMER1_ISR

 Address spaces:
Name               Size   Autos  Total    Cost      Usage
BIGRAM             7FF      0       0      21        0.0%
EEDATA             100      0       0       0        0.0%
BITBANK7           100      0       0      18        0.0%
BANK7              100      0       0      19        0.0%
BITBANK6           100      0       0      16        0.0%
BANK6              100      0       0      17        0.0%
BITBANK5           100      0       0      14        0.0%
BANK5              100      0       0      15        0.0%
BITBANK4           100      0       0      12        0.0%
BANK4              100      0       0      13        0.0%
BITBANK3           100      0       0      10        0.0%
BANK3              100      0       0      11        0.0%
BITBANK2           100      0       0       8        0.0%
BANK2              100      0       0       9        0.0%
BITBANK1           100      0       0       6        0.0%
BANK1              100      0       0       7        0.0%
BITBANK0            A0      0       0       4        0.0%
BANK0               A0      0       0       5        0.0%
BITCOMRAM           5E      0       0       0        0.0%
COMRAM              5E      0       1       1        1.1%
BITSFR               0      0       0     200        0.0%
SFR                  0      0       0     200        0.0%
STACK                0      0       0       2        0.0%
NULL                 0      0       0       0        0.0%
ABS                  0      0       1      20        0.0%
DATA                 0      0       1       3        0.0%
CODE                 0      0       0       0        0.0%


Microchip Technology PIC18 Macro Assembler V2.31 build 20201012212115 
Symbol Table                                                                                   Sat Jun 11 20:04:27 2022

                     l53 0094                       u20 0036                       u21 0032  
                    l741 008A                      l733 0080                      l735 0084  
                    l737 0086                      l761 001E                      l739 0088  
                    l771 0036                      l763 0022                      l755 0012  
                    l765 0024                      l757 001A                      l767 0026  
                    l759 001C                      l769 0028                      _GIE 007F97  
                    _ISR 0008                      _aux 0001                     ?_ISR 0000  
                   _LATB 000F8A                     _LATD 000F8C                     _PEIE 007F96  
                   i2l50 007C                     i2l57 0066                     _TMR1 000FCE  
                   _main 0012                     btemp 0002                     start 000E  
           ___param_bank 000000                    ??_ISR 0000              ?_TIMER1_ISR 0000  
                  ?_main 0000                    _T1CON 000FCD                    i2l751 0060  
                  i2l743 0040                    i2l753 0064                    i2l745 0042  
                  i2l747 004A                    i2l749 005C                    i2l775 006A  
                  i2l777 0078                    _TRISA 000F92                    _TRISB 000F93  
                  _TRISD 000F95                    ttemp5 0003                    ttemp6 0006  
                  ttemp7 000A                    status 000FD8                    wtemp8 0003  
        __initialization 0096             __end_of_main 0040                   ??_main 0000  
          __activetblptr 000000                   _ADCON1 000FC1      __size_of_TIMER1_ISR 0028  
                 _OSCCON 000FD3                   _TMR1IE 007CE8                   _TMR1IF 007CF0  
                 i2u1_40 005C                   i2u1_41 0058                   i2u3_40 0078  
                 i2u3_41 0074               __accesstop 0060  __end_of__initialization 0098  
          ___rparam_used 000001           __pcstackCOMRAM 0000            ?_TIMER1_Begin 0000  
           ??_TIMER1_ISR 0000           ??_TIMER1_Begin 0000       __end_of_TIMER1_ISR 0068  
                __Hparam 0000                  __Lparam 0000                  __pcinit 0096  
                __ramtop 0800                  __ptext0 0012                  __ptext1 0080  
                __ptext3 0040             __size_of_ISR 0078           __pintcode_body 0068  
   end_of_initialization 0098                  int_func 0068                _PORTAbits 000F80  
   __end_of_TIMER1_Begin 0096      start_initialization 0096              __end_of_ISR 0080  
            __pbssCOMRAM 0001                __pintcode 0008    __size_of_TIMER1_Begin 0016  
           _TIMER1_Begin 0080                 __Hrparam 0000                 __Lrparam 0000  
          __size_of_main 002E                 int$flags 0002                 intlevel2 0000  
             _TIMER1_ISR 0040  
